<?xml version="1.0" encoding="UTF-8"?>
<!-- Generated by org.testng.reporters.JUnitReportReporter -->
<testsuite hostname="Ash_2703" failures="0" tests="5" name="vtiger.OrganizationTests.CreateMultipleOrgWithIndustryTest" time="94.307" errors="0" timestamp="2023-04-04T10:03:57 IST" skipped="0">
  <testcase classname="vtiger.OrganizationTests.CreateMultipleOrgWithIndustryTest" name="createMultipleOrgTest" time="21.114"/>
  <system-out/>
  <testcase classname="vtiger.OrganizationTests.CreateMultipleOrgWithIndustryTest" name="createMultipleOrgTest" time="20.030"/>
  <system-out/>
  <testcase classname="vtiger.OrganizationTests.CreateMultipleOrgWithIndustryTest" name="createMultipleOrgTest" time="20.751"/>
  <system-out/>
  <testcase classname="vtiger.OrganizationTests.CreateMultipleOrgWithIndustryTest" name="createMultipleOrgTest" time="13.404"/>
  <system-out/>
  <testcase classname="vtiger.OrganizationTests.CreateMultipleOrgWithIndustryTest" name="createMultipleOrgTest" time="19.008"/>
  <system-out/>
</testsuite> <!-- vtiger.OrganizationTests.CreateMultipleOrgWithIndustryTest -->
