<?xml version="1.0" encoding="UTF-8"?>
<!-- Generated by org.testng.reporters.JUnitReportReporter -->
<testsuite hostname="Ash_2703" failures="0" tests="3" name="vtiger.OrganizationTests.CreateOrganizationTest" time="48.056" errors="0" timestamp="2023-04-04T01:27:25 IST" skipped="0">
  <testcase classname="vtiger.OrganizationTests.CreateOrganizationTest" name="demoScript" time="4.383"/>
  <system-out/>
  <testcase classname="vtiger.OrganizationTests.CreateOrganizationTest" name="createOrganizationTest" time="34.099"/>
  <system-out/>
  <testcase classname="vtiger.OrganizationTests.CreateOrganizationTest" name="regional" time="9.574"/>
  <system-out/>
</testsuite> <!-- vtiger.OrganizationTests.CreateOrganizationTest -->
