<?xml version="1.0" encoding="UTF-8"?>
<!-- Generated by org.testng.reporters.JUnitReportReporter -->
<testsuite hostname="Ash_2703" failures="0" tests="3" name="vtiger.OrganizationTests.CreateOrganizationTest" time="37.815" errors="0" timestamp="2023-04-05T01:22:31 IST" skipped="0">
  <testcase classname="vtiger.OrganizationTests.CreateOrganizationTest" name="regional" time="4.195"/>
  <system-out/>
  <testcase classname="vtiger.OrganizationTests.CreateOrganizationTest" name="demoScript" time="6.948"/>
  <system-out/>
  <testcase classname="vtiger.OrganizationTests.CreateOrganizationTest" name="createOrganizationTest" time="26.672"/>
  <system-out/>
</testsuite> <!-- vtiger.OrganizationTests.CreateOrganizationTest -->
