<?xml version="1.0" encoding="UTF-8"?>
<!-- Generated by org.testng.reporters.JUnitReportReporter -->
<testsuite hostname="Ash_2703" failures="0" tests="1" name="vtiger.ContactsTests.CreateContactWithOrganizationTest" time="65.531" errors="0" timestamp="2023-04-05T01:22:31 IST" skipped="0">
  <testcase classname="vtiger.ContactsTests.CreateContactWithOrganizationTest" name="createContactWithOrganizationTest" time="65.531"/>
  <system-out>
    <![CDATA[Click on Organizations link successful
Click on Create Organizations LookUp Image successful
Create Organization with mandatory fields
Navigate to Contacts link successful
Click on Create Contacts LookUp Image  successful
Create contacts with mandatory fields successful]]>
  </system-out>
</testsuite> <!-- vtiger.ContactsTests.CreateContactWithOrganizationTest -->
